
=== $ cat /etc/runomci.sh ===
#!/bin/sh

get_omci_dbg_level ()
{
	dbgLevel=`mib get OMCI_DBGLVL | sed 's/OMCI_DBGLVL=//g'`

	case "$dbgLevel" in
		0)
			dbgLevel_opt="err"
			;;
		1)
			dbgLevel_opt="err"
			;;
		2)
			dbgLevel_opt="warn"
			;;
		3)
			dbgLevel_opt="info"
			;;
                4)
                        dbgLevel_opt="dbg"
                        ;;
		*)
			dbgLevel_opt="off"
			;;
	esac
	echo $dbgLevel_opt
}

get_omci_log_format ()
{
	logFormat=`mib get OMCI_LOGFILE | sed 's/OMCI_LOGFILE=//g'`
	logMask=`mib get OMCI_LOGFILE_MASK | sed 's/OMCI_LOGFILE_MASK=//g'`

	case "$logFormat" in
		0)
			logFormat_opt="off"
			;;
		1)
			logFormat_opt="raw"
			;;
		2)
			logFormat_opt="parsed"
			;;
		3)
			logFormat_opt="both"
			;;
		7)
			logFormat_opt="time"
			;;
		8)
			logFormat_opt="console"
			;;
		*)
			logFormat_opt="off"
			;;
	esac
	logFormat_opt=$logFormat_opt" $logMask"
	echo $logFormat_opt
}

get_omci_dual_mgmt_mode ()
{
	dualMgmt=`mib get DUAL_MGMT_MODE | sed 's/DUAL_MGMT_MODE=//g'`

	case "$dualMgmt" in
		0)
			dualMgmt_opt="disable"
			;;
		1)
			dualMgmt_opt="enable_wq"
			;;
		2)
			dualMgmt_opt="enable_bc_mc"
			;;
		3)
			dualMgmt_opt="enable_wq_bc_mc"
			;;
		*)
			dualMgmt_opt="disable"
			;;
	esac
	echo $dualMgmt_opt
}

get_omci_dev_type ()
{
	devType=`mib get DEVICE_TYPE | sed 's/DEVICE_TYPE=//g'`

	case "$devType" in
		0)
			devType_opt="bridge"
			;;
		1)
			devType_opt="router"
			;;
		2)
			devType_opt="hybrid"
			;;
		*)
			devType_opt="bridge"
			;;
	esac
	echo $devType_opt
}

get_omci_cus_conf ()
{
	cus_conf=""
        cus_bridge=`mib get OMCI_CUSTOM_BDP | sed 's/OMCI_CUSTOM_BDP=//g'`
        if [ -n "$cus_bridge" ]; then
                cus_conf=$cus_conf" -cb $cus_bridge"
        fi

        cus_route=`mib get OMCI_CUSTOM_RDP | sed 's/OMCI_CUSTOM_RDP=//g'`
        if [ -n "$cus_route" ]; then
                cus_conf=$cus_conf" -cr $cus_route"
        fi

        cus_mcast=`mib get OMCI_CUSTOM_MCAST | sed 's/OMCI_CUSTOM_MCAST=//g'`
        if [ -n "$cus_mcast" ]; then
                cus_conf=$cus_conf" -cmc $cus_mcast"
        fi

        cus_me=`mib get OMCI_CUSTOM_ME | sed 's/OMCI_CUSTOM_ME=//g'`
        if [ -n "$cus_me" ]; then
                cus_conf=$cus_conf" -cme $cus_me"
        fi


        echo $cus_conf
}

get_omci_iot_vlan_cfg ()
{
	iot_vlan_cfg=""
	vlan_type=`mib get VLAN_CFG_TYPE | sed 's/VLAN_CFG_TYPE=//g' | grep -v fail`
	vlan_manu_mode=`mib get VLAN_MANU_MODE | sed 's/VLAN_MANU_MODE=//g' | grep -v fail`
	vlan_manu_vid=`mib get VLAN_MANU_TAG_VID | sed 's/VLAN_MANU_TAG_VID=//g' | grep -v fail`
	vlan_manu_pri=`mib get VLAN_MANU_TAG_PRI | sed 's/VLAN_MANU_TAG_PRI=//g' | grep -v fail`

	if [ -n "$vlan_type" ]; then

		case "$vlan_type" in
			1)
				case "$vlan_manu_mode" in
					1)
						if [ -n "$vlan_manu_vid" ] && [ -n "$vlan_manu_pri" ]; then
							iot_vlan_cfg=$iot_vlan_cfg" -iot_vt 1 -iot_vm 1 -iot_vid $vlan_manu_vid -iot_pri $vlan_manu_pri"
						fi
						;;
					*)
						if [ -z "$vlan_manu_mode" ]; then
							vlan_manu_mode=255
						fi
						iot_vlan_cfg=$iot_vlan_cfg" -iot_vt 1 -iot_vm $vlan_manu_mode -iot_vid 65535 -iot_pri 255"
						;;
				esac
				;;
			*)
				if [ -z "$vlan_manu_mode" ]; then
					vlan_manu_mode="255"
				fi
				iot_vlan_cfg=$iot_vlan_cfg" -iot_vt 0 -iot_vm $vlan_manu_mode -iot_vid 65535 -iot_pri 255"
				;;
		esac
	fi
	echo $iot_vlan_cfg
}

get_omci_veip_slot_id_conf ()
{
	veip_slot_id_conf=""
    
	veip_slot_value=`mib get OMCI_VEIP_SLOT_ID | sed 's/OMCI_VEIP_SLOT_ID=//g'`
    
	if [ -n "$veip_slot_value" ]; then
		veip_slot_id_conf=$veip_slot_id_conf" -slot_veip $veip_slot_value"
	fi
	
	echo $veip_slot_id_conf
}

get_omci_voice_vendor ()
{
	voice_vendor=""

	if [ -f /etc/rc_voip ]; then
		voice_vendor=$voice_vendor" -voice_vendor 1"
	else
		voice_vendor=$voice_vendor" -voice_vendor 0"
	fi
    
	echo $voice_vendor
}

get_omci_pon_mac_filter_mc_conf ()
{
	pon_mac_filter_mc_conf=""
	
	if [ ! -f /var/config/igmp_gpon.conf ]; then
		pon_mac_filter_mc_conf=$pon_mac_filter_mc_conf" -pon_mac_filter_mc 0"
	else
		pon_mac_filter_mc_flag=`cat /var/config/igmp_gpon.conf | grep gponMacFilterMc | sed 's/^gponMacFilterMc=//g'`
		if [ -z "$pon_mac_filter_mc_flag" ] || [ "$pon_mac_filter_mc_flag" = "0" ]; then
			pon_mac_filter_mc_conf=$pon_mac_filter_mc_conf" -pon_mac_filter_mc 0"
		else
			pon_mac_filter_mc_conf=$pon_mac_filter_mc_conf" -pon_mac_filter_mc 1"
		fi
	fi
    
	echo $pon_mac_filter_mc_conf
}

gpon_sn=`mib get GPON_SN | sed 's/GPON_SN=//g'`
gpon_ploam_pwd=`mib get GPON_PLOAM_PASSWD | sed 's/GPON_PLOAM_PASSWD=//g'`
gpon_loid=`mib get LOID | sed 's/LOID=//g' | grep -v entry | grep -v failed`
gpon_loid_old=`mib get LOID_OLD | sed 's/LOID_OLD=//g' | grep -v entry | grep -v failed`
gpon_loidPwd=`mib get LOID_PASSWD | sed 's/LOID_PASSWD=//g' | grep -v entry | grep -v failed`
gpon_loidPwd_old=`mib get LOID_PASSWD_OLD | sed 's/LOID_PASSWD_OLD=//g' | grep -v entry | grep -v failed`
omci_cusOpt_debug=`cat /var/config/omci_custom_opt.conf | grep DEBUG_MODE | sed 's/# *DEBUG_MODE=//g'`
omci_mibCfg_debug=`cat /var/config/omci_mib.cfg | grep DEBUG_MODE | sed 's/# *DEBUG_MODE=//g'`

if [ ! -f /var/config/omci_custom_opt.conf ] || [ "$omci_cusOpt_debug" = "0" ] || [ -z "$omci_cusOpt_debug" ]; then
	cp -af /etc/omci_custom_opt.conf /var/config/omci_custom_opt.conf 
fi

if [ ! -f /var/config/omci_mib.cfg ] || [ "$omci_mibCfg_debug" = "0" ] || [ -z "$omci_mibCfg_debug" ]; then
	cp -af /etc/omci_mib.cfg /var/config/omci_mib.cfg
fi

if [ -n "$gpon_ploam_pwd" ]; then
 	gpon_ploam_pwd_set="-p $gpon_ploam_pwd"
else
  	gpon_ploam_pwd_set=""
fi

if [ "$gpon_loid_old" == "$gpon_loid" ]; then
	if [ -n "$gpon_loid" ]; then
 		gpon_loid_set="-l $gpon_loid"
	else
 		gpon_loid_set=""
	fi
else
	if [ -n "$gpon_loid_old" ]; then
		gpon_loid_set="-l $gpon_loid_old"
	else
		gpon_loid_set=""
	fi
fi


if [ "$gpon_loid_old" == "$gpon_loid" ]; then
	if [ -n "$gpon_loidPwd" ]; then
		gpon_loidPwd_set="-w $gpon_loidPwd"
	else
    	gpon_loidPwd_set=""
	fi
else
	if [ -n "$gpon_loidPwd_old" ]; then
		gpon_loidPwd_set="-w $gpon_loidPwd_old"
	else
		gpon_loidPwd_set=""
	fi
fi

if [ $(get_omci_dev_type) == "bridge" ]; then
	/etc/runigmp.sh
fi

omci_app -s $gpon_sn -f $(get_omci_log_format) -m $(get_omci_dual_mgmt_mode) -d $(get_omci_dbg_level) -t $(get_omci_dev_type) $gpon_ploam_pwd_set $gpon_loid_set $gpon_loidPwd_set $(get_omci_cus_conf) $(get_omci_iot_vlan_cfg) $(get_omci_veip_slot_id_conf) $(get_omci_voice_vendor) $(get_omci_pon_mac_filter_mc_conf) &

# 

=== $ cat /etc/rc.d/* 2>/dev/null ; ls /etc/rc.d/ 2>/dev/null ===
# 

=== $ flash get PON_MODE ===
PON_MODE=1
# 

=== $ flash get GPON_SN ===
GPON_SN=HWTC370F0BAE
# 

=== $ flash get PON_DETECT_ENABLE ===
PON_DETECT_ENABLE=1
# 

=== $ flash get FIBER_MODE ===
FIBER_MODE=0
# 

=== $ flash get DUAL_MGMT_MODE ===
DUAL_MGMT_MODE=1
# 

=== $ flash get OMCI_OLT_MODE ===
OMCI_OLT_MODE=0
# 

=== $ flash get GPON_PLOAM_PASSWD ===
GPON_PLOAM_PASSWD=
# 

=== $ flash get LOID ===
LOID=
# 

=== $ flash get LAN_SDS_MODE ===
LAN_SDS_MODE=0
# 

=== $ flash get WAN_MODE ===
WAN_MODE=7
# 

=== $ flash get OMCI_VENDOR_PRODUCT_CODE ===
OMCI_VENDOR_PRODUCT_CODE=15
# 

=== $ flash get | head -100 2>&1 ===
/bin/sh: head: not found
# 

=== $ flash 2>&1 ; true ===
Usage: flash.sh [cmd]
cmd:
  all <cs/hs>               : Show all settings.
  default <cs/hs>           : Restore to default configuration.
  get MIB-NAME              : get a specific mib parameter from flash memory.
  set MIB-NAME MIB-VALUE    : set a specific mib parameter into flash memory.

  Note: When set the MIB_ARRAY or MIB_VALUE overflowed,
        xmlconfig will truncate the redundant part.
        Take signed integer for example:
        1. Set value=-6442450944(0xfffffffe80000000),
           and get value=-2147483648(0x80000000)
        2. Set value=-2147483649(0xffffffff7fffffff),
           and get value=2147483647(0x7fffffff)
        3. Set value=2147483648(0x80000000),
           and get value=-2147483648(0x80000000)
        4. Set value=4294967296(0x100000000), and get value=0(0x0)

# 

=== $ /etc/runomci.sh 2>&1 ; echo RC=$? & ===
insmod: cannot insert '/lib/modules/igmp_drv.ko': File exists
RC=0
[1] + Done                       echo RC=${?}
# igmpd is running:  sys_max_port_num =4 .....
bind error: Address already in use
IGMP Tick Thread create failed
onuMac:e0:da:90:c4:f8:85 
GPON mac_check fail !!!!!!


=== $ sleep 3 ; ps | grep -E 'omci|pon' | grep -v grep ===
  316 admin    13288 S    igmpd -f /var/config/igmp_gpon.conf -s luna 
  329 admin     1704 S    /bin/pondetect 1 HWTC370F0BAE 1 
  471 admin    13288 S    igmpd -f /var/config/igmp_gpon.conf -s luna 
  472 admin    13288 S    igmpd -f /var/config/igmp_gpon.conf -s luna 
  473 admin    13288 S    igmpd -f /var/config/igmp_gpon.conf -s luna 
  474 admin    13288 S    igmpd -f /var/config/igmp_gpon.conf -s luna 
  475 admin    13288 S    igmpd -f /var/config/igmp_gpon.conf -s luna 
  476 admin    13288 S    igmpd -f /var/config/igmp_gpon.conf -s luna 
# 

=== $ ls -la /lib/modules/ ===
drwxr-xr-x    4 admin    0             196 Sep 23  2022 .
drwxr-xr-x    5 admin    0             885 Sep 23  2022 ..
drwxr-xr-x    3 admin    0              64 Sep 23  2022 2.6.30.9
-rw-r--r--    1 admin    0           12012 Sep 23  2022 epon_drv.ko
-rw-r--r--    1 admin    0           24088 Sep 23  2022 epon_mpcp.ko
-rw-r--r--    1 admin    0            7146 Sep 23  2022 epon_polling.ko
-rwxrwxrwx    1 admin    0          212910 Sep 21  2022 europa_drv.ko
drwxr-xr-x    2 admin    0             230 Sep 23  2022 features
-rw-r--r--    1 admin    0            6055 Sep 23  2022 igmp_drv.ko
-rw-r--r--    1 admin    0          109000 Sep 23  2022 omcidrv.ko
-rw-r--r--    1 admin    0          243383 Sep 23  2022 pf_rtk.ko
# 

=== $ ls /proc/modules ===
/proc/modules
# 

=== $ cat /proc/modules 2>&1 | head -20 ===
/bin/sh: head: not found
# 

=== $ lsmod 2>&1 ===
Module                  Size  Used by    Not tainted
igmp_drv 1712 0 - Live 0xc026b000
pf_rtk 120608 0 - Live 0xc02cd000
omcidrv 35040 1 pf_rtk, Live 0xc0284000
# 

=== $ cat /proc/gpio 2>/dev/null ===
# 

=== $ ls /proc/ | grep -i gpio ===
# 

=== $ ls /sys/class/gpio/ 2>/dev/null ===
# 

=== $ cat /proc/sys/dev/europa* 2>/dev/null ===
# 

=== $ ls /proc/europa* 2>/dev/null ; ls /sys/europa* 2>/dev/null ===
# 

=== $ ls /proc/ ===
1                576              filesystems      net
158              63               fs               omci
171              64               internet_flag    pagetypeinfo
2                65               interrupts       partitions
3                8                iomem            power_flag
316              81               ioports          realtek
329              894              irq              rtk_smux
4                br_igmpProxy     kmsg             rtl8686gmac
46               br_igmpquery     lan_sds          self
471              br_mCastFastFwd  led_test         slabinfo
472              buddyinfo        load_ah_default  stat
473              bus              load_default     sys
474              capabilities     load_reboot      sysvipc
475              cmdline          loadavg          timer_list
476              cpuinfo          locks            tty
479              devices          loopback_detect  uptime
480              diskstats        meminfo          version
481              driver           misc             vmallocinfo
490              execdomains      modules          vmstat
492              fastbridge       mounts           watchdog
5                fiber_debug      mptest           zoneinfo
575              fiber_mode       mtd
# 

=== $ europacli help 2>&1 ; true ===
incorrect command
# 

=== $ europacli show 2>&1 ; true ===
incorrect command
# 

=== $ europacli get laser 2>&1 ; true ===
Get TX Bias Fail!!! (18)
# 

=== $ europacli get optical 2>&1 ; true ===
incorrect command
# 
